[0m2021.03.10 18:34:04 INFO  Started: Metals version 0.10.0 in workspace '/home/ale/Documents/DatosMasivos/Ejemplo1' for client vscode 1.54.1.[0m
[0m2021.03.10 18:34:05 INFO  time: initialize in 1.77s[0m
[0m2021.03.10 18:34:08 WARN  Build server is not auto-connectable.[0m
[0m2021.03.10 18:34:08 WARN  no build tool detected in workspace '/home/ale/Documents/DatosMasivos/Ejemplo1'. The most common cause for this problem is that the editor was opened in the wrong working directory, for example if you use sbt then the workspace directory should contain build.sbt. [0m
[0m2021.03.10 18:34:08 WARN  no build target for: /home/ale/Documents/DatosMasivos/Ejemplo1/Cosaejmplo.scala[0m
[0m2021.03.10 18:34:16 WARN  no build target for: /home/ale/Documents/DatosMasivos/Ejemplo1/Cosaejmplo.scala[0m
[0m2021.03.10 18:34:18 INFO  no build target: using presentation compiler with only scala-library: 2.12.13[0m

//blablablah prueba de mensaje a reposotorio

[0m2021.03.10 18:34:23 INFO  time: code lens generation in 11s[0m
[0m2021.03.10 18:34:23 INFO  time: code lens generation in 13s[0m
[0m2021.03.10 18:43:46 ERROR text document: file:///home/ale/Documents/DatosMasivos/Ejemplo1/Cosaejmplo.scala
java.nio.file.NoSuchFileException: /home/ale/Documents/DatosMasivos/Ejemplo1/Cosaejmplo.scala
	at sun.nio.fs.UnixException.translateToIOException(UnixException.java:86)
	at sun.nio.fs.UnixException.rethrowAsIOException(UnixException.java:102)
	at sun.nio.fs.UnixException.rethrowAsIOException(UnixException.java:107)
	at sun.nio.fs.UnixFileSystemProvider.newByteChannel(UnixFileSystemProvider.java:214)
	at java.nio.file.Files.newByteChannel(Files.java:361)
	at java.nio.file.Files.newByteChannel(Files.java:407)
	at java.nio.file.Files.readAllBytes(Files.java:3152)
	at scala.meta.internal.io.PlatformFileIO$.slurp(PlatformFileIO.scala:45)
	at scala.meta.internal.io.FileIO$.slurp(FileIO.scala:24)
	at scala.meta.internal.metals.InteractiveSemanticdbs.$anonfun$textDocument$1(InteractiveSemanticdbs.scala:77)
	at java.util.HashMap.compute(HashMap.java:1197)
	at java.util.Collections$SynchronizedMap.compute(Collections.java:2684)
	at scala.meta.internal.metals.InteractiveSemanticdbs.textDocument(InteractiveSemanticdbs.scala:76)
	at scala.meta.internal.metals.AggregateSemanticdbs.loop$1(AggregateSemanticdbs.scala:30)
	at scala.meta.internal.metals.AggregateSemanticdbs.textDocument(AggregateSemanticdbs.scala:36)
	at scala.meta.internal.metals.CodeLensProvider.findLenses(CodeLensProvider.scala:22)
	at scala.meta.internal.metals.MetalsLanguageServer.$anonfun$codeLens$2(MetalsLanguageServer.scala:1464)
	at scala.meta.internal.metals.TimerProvider.timedThunk(TimerProvider.scala:25)
	at scala.meta.internal.metals.MetalsLanguageServer.$anonfun$codeLens$1(MetalsLanguageServer.scala:1462)
	at scala.meta.internal.metals.CancelTokens$.$anonfun$apply$2(CancelTokens.scala:26)
	at scala.concurrent.Future$.$anonfun$apply$1(Future.scala:659)
	at scala.util.Success.$anonfun$map$1(Try.scala:255)
	at scala.util.Success.map(Try.scala:213)
	at scala.concurrent.Future.$anonfun$map$1(Future.scala:292)
	at scala.concurrent.impl.Promise.liftedTree1$1(Promise.scala:33)
	at scala.concurrent.impl.Promise.$anonfun$transform$1(Promise.scala:33)
	at scala.concurrent.impl.CallbackRunnable.run(Promise.scala:64)
	at java.util.concurrent.ThreadPoolExecutor.runWorker(ThreadPoolExecutor.java:1149)
	at java.util.concurrent.ThreadPoolExecutor$Worker.run(ThreadPoolExecutor.java:624)
	at java.lang.Thread.run(Thread.java:748)
[0m
[0m2021.03.10 18:43:48 ERROR text document: file:///home/ale/Documents/DatosMasivos/Ejemplo1/Cosaejmplo.scala
java.nio.file.NoSuchFileException: /home/ale/Documents/DatosMasivos/Ejemplo1/Cosaejmplo.scala
	at sun.nio.fs.UnixException.translateToIOException(UnixException.java:86)
	at sun.nio.fs.UnixException.rethrowAsIOException(UnixException.java:102)
	at sun.nio.fs.UnixException.rethrowAsIOException(UnixException.java:107)
	at sun.nio.fs.UnixFileSystemProvider.newByteChannel(UnixFileSystemProvider.java:214)
	at java.nio.file.Files.newByteChannel(Files.java:361)
	at java.nio.file.Files.newByteChannel(Files.java:407)
	at java.nio.file.Files.readAllBytes(Files.java:3152)
	at scala.meta.internal.io.PlatformFileIO$.slurp(PlatformFileIO.scala:45)
	at scala.meta.internal.io.FileIO$.slurp(FileIO.scala:24)
	at scala.meta.internal.metals.InteractiveSemanticdbs.$anonfun$textDocument$1(InteractiveSemanticdbs.scala:77)
	at java.util.HashMap.compute(HashMap.java:1197)
	at java.util.Collections$SynchronizedMap.compute(Collections.java:2684)
	at scala.meta.internal.metals.InteractiveSemanticdbs.textDocument(InteractiveSemanticdbs.scala:76)
	at scala.meta.internal.metals.AggregateSemanticdbs.loop$1(AggregateSemanticdbs.scala:30)
	at scala.meta.internal.metals.AggregateSemanticdbs.textDocument(AggregateSemanticdbs.scala:36)
	at scala.meta.internal.metals.CodeLensProvider.findLenses(CodeLensProvider.scala:22)
	at scala.meta.internal.metals.MetalsLanguageServer.$anonfun$codeLens$2(MetalsLanguageServer.scala:1464)
	at scala.meta.internal.metals.TimerProvider.timedThunk(TimerProvider.scala:25)
	at scala.meta.internal.metals.MetalsLanguageServer.$anonfun$codeLens$1(MetalsLanguageServer.scala:1462)
	at scala.meta.internal.metals.CancelTokens$.$anonfun$apply$2(CancelTokens.scala:26)
	at scala.concurrent.Future$.$anonfun$apply$1(Future.scala:659)
	at scala.util.Success.$anonfun$map$1(Try.scala:255)
	at scala.util.Success.map(Try.scala:213)
	at scala.concurrent.Future.$anonfun$map$1(Future.scala:292)
	at scala.concurrent.impl.Promise.liftedTree1$1(Promise.scala:33)
	at scala.concurrent.impl.Promise.$anonfun$transform$1(Promise.scala:33)
	at scala.concurrent.impl.CallbackRunnable.run(Promise.scala:64)
	at java.util.concurrent.ThreadPoolExecutor.runWorker(ThreadPoolExecutor.java:1149)
	at java.util.concurrent.ThreadPoolExecutor$Worker.run(ThreadPoolExecutor.java:624)
	at java.lang.Thread.run(Thread.java:748)
[0m
[0m2021.03.10 18:43:50 INFO  shutting down Metals[0m
[0m2021.03.10 21:55:07 INFO  Started: Metals version 0.10.0 in workspace '/home/ale/Documents/DatosMasivos/Ejemplo1' for client vscode 1.54.1.[0m
[0m2021.03.10 21:55:09 INFO  time: initialize in 1.69s[0m
[0m2021.03.10 21:55:11 WARN  Build server is not auto-connectable.[0m
[0m2021.03.10 21:55:11 WARN  no build tool detected in workspace '/home/ale/Documents/DatosMasivos/Ejemplo1'. The most common cause for this problem is that the editor was opened in the wrong working directory, for example if you use sbt then the workspace directory should contain build.sbt. [0m
[0m2021.03.10 21:55:11 WARN  no build target for: /home/ale/Documents/DatosMasivos/Ejemplo1/Ejemplo para stage1.scala[0m
[0m2021.03.10 21:55:13 WARN  no build target for: /home/ale/Documents/DatosMasivos/Ejemplo1/Ejemplo para stage1.scala[0m
[0m2021.03.10 21:55:17 INFO  no build target: using presentation compiler with only scala-library: 2.12.13[0m
//Ejemplo para la rama stage1
//Ejemplo para la rama stage1
//Ejemplo para la rama stage1
//Ejemplo para la rama stage1
[0m2021.03.10 21:55:24 INFO  time: code lens generation in 11s[0m
//Ejemplo para la rama stage1
[0m2021.03.10 22:00:22 INFO  shutting down Metals[0m
